<?xml version="1.0" encoding="UTF-8"?>
<testng-results ignored="0" total="1" passed="1" failed="0" skipped="0">
  <reporter-output>
  </reporter-output>
  <suite started-at="2025-02-08T11:38:10 IST" name="Default suite" finished-at="2025-02-08T11:38:29 IST" duration-ms="18432">
    <groups>
    </groups>
    <test started-at="2025-02-08T11:38:10 IST" name="Default test" finished-at="2025-02-08T11:38:29 IST" duration-ms="18432">
      <class name="tests.FlightSearchTest">
        <test-method is-config="true" signature="setup()[pri:0, instance:tests.FlightSearchTest@25641d39]" started-at="2025-02-08T11:38:10 IST" name="setup" finished-at="2025-02-08T11:38:15 IST" duration-ms="4722" status="PASS">
          <reporter-output>
          </reporter-output>
        </test-method> <!-- setup -->
        <test-method signature="testFlightSearch()[pri:0, instance:tests.FlightSearchTest@25641d39]" started-at="2025-02-08T11:38:15 IST" name="testFlightSearch" finished-at="2025-02-08T11:38:28 IST" duration-ms="12975" status="PASS">
          <reporter-output>
          </reporter-output>
        </test-method> <!-- testFlightSearch -->
        <test-method is-config="true" signature="tearDown()[pri:0, instance:tests.FlightSearchTest@25641d39]" started-at="2025-02-08T11:38:28 IST" name="tearDown" finished-at="2025-02-08T11:38:29 IST" duration-ms="668" status="PASS">
          <reporter-output>
          </reporter-output>
        </test-method> <!-- tearDown -->
      </class> <!-- tests.FlightSearchTest -->
    </test> <!-- Default test -->
  </suite> <!-- Default suite -->
</testng-results>
